<?xml version="1.0" encoding="UTF-8"?>
<!-- Generated by org.testng.reporters.JUnitReportReporter -->
<testsuite ignored="0" hostname="RAXXXX.local" failures="0" tests="11" name="com.vans.AllWeather.EraMte.EraMteTest" time="311.301" errors="0" timestamp="10 Nov 2017 17:48:11 GMT" skipped="0">
  <testcase classname="com.vans.AllWeather.EraMte.EraMteTest" name="verifyBaseurlForSk8HiMte" time="20.127"/>
  <testcase classname="com.vans.AllWeather.EraMte.EraMteTest" name="verifyClickOnBuyButton" time="22.326"/>
  <testcase classname="com.vans.AllWeather.EraMte.EraMteTest" name="verifyEmailShareButton" time="31.878"/>
  <testcase classname="com.vans.AllWeather.EraMte.EraMteTest" name="verifyAllQtyPresent" time="25.451"/>
  <testcase classname="com.vans.AllWeather.EraMte.EraMteTest" name="verifySharelinkButton" time="32.775"/>
  <testcase classname="com.vans.AllWeather.EraMte.EraMteTest" name="addToWishList" time="24.452"/>
  <testcase classname="com.vans.AllWeather.EraMte.EraMteTest" name="verifyAllSizesPresent" time="27.922"/>
  <testcase classname="com.vans.AllWeather.EraMte.EraMteTest" name="addToCart" time="31.450"/>
  <testcase classname="com.vans.AllWeather.EraMte.EraMteTest" name="verifyAllflyOutMenuOptions" time="31.026"/>
  <testcase classname="com.vans.AllWeather.EraMte.EraMteTest" name="verifyStartOver" time="35.334"/>
  <testcase classname="com.vans.AllWeather.EraMte.EraMteTest" name="verifyMaterialsUpcharge" time="28.560"/>
</testsuite> <!-- com.vans.AllWeather.EraMte.EraMteTest -->
