<?xml version="1.0" encoding="UTF-8"?>
<!-- Generated by org.testng.reporters.JUnitReportReporter -->
<testsuite ignored="0" hostname="RAXXXX.local" failures="0" tests="11" name="com.vans.Classic.EraClassic.EraClassicTest" time="542.633" errors="0" timestamp="08 Nov 2017 17:27:29 GMT" skipped="0">
  <testcase classname="com.vans.Classic.EraClassic.EraClassicTest" name="verifyClickOnBuyButton" time="29.191"/>
  <testcase classname="com.vans.Classic.EraClassic.EraClassicTest" name="verifyEmailShareButton" time="268.669"/>
  <testcase classname="com.vans.Classic.EraClassic.EraClassicTest" name="verifySharelinkButton" time="31.692"/>
  <testcase classname="com.vans.Classic.EraClassic.EraClassicTest" name="addToCart" time="33.090"/>
  <testcase classname="com.vans.Classic.EraClassic.EraClassicTest" name="verifyAllQtyPresent" time="25.708"/>
  <testcase classname="com.vans.Classic.EraClassic.EraClassicTest" name="verifyStartOver" time="31.222"/>
  <testcase classname="com.vans.Classic.EraClassic.EraClassicTest" name="verifyMaterialsupcharge" time="24.600"/>
  <testcase classname="com.vans.Classic.EraClassic.EraClassicTest" name="verifyBaseUrlForOldSkoolClassic" time="17.271"/>
  <testcase classname="com.vans.Classic.EraClassic.EraClassicTest" name="verifyAllflyOutMenuOptions" time="28.789"/>
  <testcase classname="com.vans.Classic.EraClassic.EraClassicTest" name="addToWishList" time="19.598"/>
  <testcase classname="com.vans.Classic.EraClassic.EraClassicTest" name="verifyAllSizesPresent" time="32.803"/>
</testsuite> <!-- com.vans.Classic.EraClassic.EraClassicTest -->
