<?xml version="1.0" encoding="UTF-8"?>
<!-- Generated by org.testng.reporters.JUnitReportReporter -->
<testsuite ignored="0" hostname="RAXXXX.local" failures="0" tests="11" name="com.vans.ProSkate.OldSkoolPro.OldSkoolProTest" time="379.860" errors="0" timestamp="08 Nov 2017 17:27:29 GMT" skipped="0">
  <testcase classname="com.vans.ProSkate.OldSkoolPro.OldSkoolProTest" name="addToCart" time="41.913"/>
  <testcase classname="com.vans.ProSkate.OldSkoolPro.OldSkoolProTest" name="verifyClickOnBuyButton" time="32.779"/>
  <testcase classname="com.vans.ProSkate.OldSkoolPro.OldSkoolProTest" name="verifyAllQtyPresent" time="34.879"/>
  <testcase classname="com.vans.ProSkate.OldSkoolPro.OldSkoolProTest" name="verifyAllSizesPresent" time="35.015"/>
  <testcase classname="com.vans.ProSkate.OldSkoolPro.OldSkoolProTest" name="verifyBaseUrlForSk8HiPro" time="25.254"/>
  <testcase classname="com.vans.ProSkate.OldSkoolPro.OldSkoolProTest" name="verifyStartOver" time="39.646"/>
  <testcase classname="com.vans.ProSkate.OldSkoolPro.OldSkoolProTest" name="verifySharelinkButton" time="37.747"/>
  <testcase classname="com.vans.ProSkate.OldSkoolPro.OldSkoolProTest" name="verifyAllflyOutMenuOptions" time="39.258"/>
  <testcase classname="com.vans.ProSkate.OldSkoolPro.OldSkoolProTest" name="addToWishList" time="27.597"/>
  <testcase classname="com.vans.ProSkate.OldSkoolPro.OldSkoolProTest" name="verifyMaterialsupcharge" time="31.622"/>
  <testcase classname="com.vans.ProSkate.OldSkoolPro.OldSkoolProTest" name="verifyEmailShareButton" time="34.150"/>
</testsuite> <!-- com.vans.ProSkate.OldSkoolPro.OldSkoolProTest -->
