<?xml version="1.0" encoding="UTF-8"?>
<!-- Generated by org.testng.reporters.JUnitReportReporter -->
<testsuite ignored="0" hostname="RAXXXX.local" failures="0" tests="11" name="com.vans.Sk8_HiClassic.Sk8_HiClassicTest" time="0.010" errors="0" timestamp="03 Nov 2017 00:48:29 GMT" skipped="11">
  <testcase classname="com.vans.Sk8_HiClassic.Sk8_HiClassicTest" name="addToCart" time="0.001">
    <skipped/>
  </testcase> <!-- addToCart -->
  <testcase classname="com.vans.Sk8_HiClassic.Sk8_HiClassicTest" name="verifyBaseUrlForAuthentic" time="0.000">
    <skipped/>
  </testcase> <!-- verifyBaseUrlForAuthentic -->
  <testcase classname="com.vans.Sk8_HiClassic.Sk8_HiClassicTest" name="verifyStartOver" time="0.001">
    <skipped/>
  </testcase> <!-- verifyStartOver -->
  <testcase classname="com.vans.Sk8_HiClassic.Sk8_HiClassicTest" name="verifyAllSizesPresent" time="0.000">
    <skipped/>
  </testcase> <!-- verifyAllSizesPresent -->
  <testcase classname="com.vans.Sk8_HiClassic.Sk8_HiClassicTest" name="verifyClickOnBuyButton" time="0.000">
    <skipped/>
  </testcase> <!-- verifyClickOnBuyButton -->
  <testcase classname="com.vans.Sk8_HiClassic.Sk8_HiClassicTest" name="verifyMaterialsupcharge" time="0.001">
    <skipped/>
  </testcase> <!-- verifyMaterialsupcharge -->
  <testcase classname="com.vans.Sk8_HiClassic.Sk8_HiClassicTest" name="verifySharelinkButton" time="0.001">
    <skipped/>
  </testcase> <!-- verifySharelinkButton -->
  <testcase classname="com.vans.Sk8_HiClassic.Sk8_HiClassicTest" name="addToWishList" time="0.004">
    <skipped/>
  </testcase> <!-- addToWishList -->
  <testcase classname="com.vans.Sk8_HiClassic.Sk8_HiClassicTest" name="verifyAllQtyPresent" time="0.000">
    <skipped/>
  </testcase> <!-- verifyAllQtyPresent -->
  <testcase classname="com.vans.Sk8_HiClassic.Sk8_HiClassicTest" name="verifyEmailShareButton" time="0.001">
    <skipped/>
  </testcase> <!-- verifyEmailShareButton -->
  <testcase classname="com.vans.Sk8_HiClassic.Sk8_HiClassicTest" name="verifyAllflyOutMenuOptions" time="0.001">
    <skipped/>
  </testcase> <!-- verifyAllflyOutMenuOptions -->
</testsuite> <!-- com.vans.Sk8_HiClassic.Sk8_HiClassicTest -->
