<?xml version="1.0" encoding="UTF-8"?>
<!-- Generated by org.testng.reporters.JUnitReportReporter -->
<testsuite ignored="0" hostname="RAXXXX.local" failures="0" tests="11" name="com.vans.Classic.Sk8HiClassic.Sk8HiClassicTest" time="570.875" errors="0" timestamp="08 Nov 2017 17:27:28 GMT" skipped="0">
  <testcase classname="com.vans.Classic.Sk8HiClassic.Sk8HiClassicTest" name="addToCart" time="42.120"/>
  <testcase classname="com.vans.Classic.Sk8HiClassic.Sk8HiClassicTest" name="verifyMaterialsupcharge" time="28.369"/>
  <testcase classname="com.vans.Classic.Sk8HiClassic.Sk8HiClassicTest" name="verifyAllSizesPresent" time="30.801"/>
  <testcase classname="com.vans.Classic.Sk8HiClassic.Sk8HiClassicTest" name="verifyAllflyOutMenuOptions" time="29.224"/>
  <testcase classname="com.vans.Classic.Sk8HiClassic.Sk8HiClassicTest" name="verifyClickOnBuyButton" time="26.693"/>
  <testcase classname="com.vans.Classic.Sk8HiClassic.Sk8HiClassicTest" name="verifySharelinkButton" time="30.165"/>
  <testcase classname="com.vans.Classic.Sk8HiClassic.Sk8HiClassicTest" name="verifyEmailShareButton" time="278.319"/>
  <testcase classname="com.vans.Classic.Sk8HiClassic.Sk8HiClassicTest" name="verifyAllQtyPresent" time="28.873"/>
  <testcase classname="com.vans.Classic.Sk8HiClassic.Sk8HiClassicTest" name="verifyBaseUrlForAuthentic" time="18.938"/>
  <testcase classname="com.vans.Classic.Sk8HiClassic.Sk8HiClassicTest" name="addToWishList" time="24.837"/>
  <testcase classname="com.vans.Classic.Sk8HiClassic.Sk8HiClassicTest" name="verifyStartOver" time="32.536"/>
</testsuite> <!-- com.vans.Classic.Sk8HiClassic.Sk8HiClassicTest -->
